[debug] [2021-08-12T08:02:21.202Z] ----------------------------------------------------------------------
[debug] [2021-08-12T08:02:21.204Z] Command:       C:\Program Files\nodejs\node.exe C:\Users\kash\AppData\Roaming\npm\node_modules\firebase-tools\lib\bin\firebase.js deploy
[debug] [2021-08-12T08:02:21.204Z] CLI Version:   9.16.0
[debug] [2021-08-12T08:02:21.204Z] Platform:      win32
[debug] [2021-08-12T08:02:21.204Z] Node Version:  v14.17.4
[debug] [2021-08-12T08:02:21.205Z] Time:          Thu Aug 12 2021 13:32:21 GMT+0530 (India Standard Time)
[debug] [2021-08-12T08:02:21.205Z] ----------------------------------------------------------------------
[debug] 
[debug] [2021-08-12T08:02:21.207Z] >>> [apiv2][query] GET https://firebase-public.firebaseio.com/cli.json [none]
[debug] [2021-08-12T08:02:21.261Z] > command requires scopes: ["email","openid","https://www.googleapis.com/auth/cloudplatformprojects.readonly","https://www.googleapis.com/auth/firebase","https://www.googleapis.com/auth/cloud-platform"]
[debug] [2021-08-12T08:02:21.261Z] > authorizing via signed-in user (kash4899@gmail.com)
[debug] [2021-08-12T08:02:21.261Z] [iam] checking project learnersacademyadmin for permissions ["cloudfunctions.functions.create","cloudfunctions.functions.delete","cloudfunctions.functions.get","cloudfunctions.functions.list","cloudfunctions.functions.update","cloudfunctions.operations.get","datastore.indexes.create","datastore.indexes.delete","datastore.indexes.list","datastore.indexes.update","firebase.projects.get","firebasehosting.sites.update"]
[debug] [2021-08-12T08:02:21.262Z] > refreshing access token with scopes: ["email","https://www.googleapis.com/auth/cloud-platform","https://www.googleapis.com/auth/cloudplatformprojects.readonly","https://www.googleapis.com/auth/firebase","openid"]
[debug] [2021-08-12T08:02:21.262Z] >>> HTTP REQUEST POST https://www.googleapis.com/oauth2/v3/token  
 <request body omitted>
[debug] [2021-08-12T08:02:21.447Z] <<< HTTP RESPONSE 200 {"cache-control":"no-cache, no-store, max-age=0, must-revalidate","pragma":"no-cache","expires":"Mon, 01 Jan 1990 00:00:00 GMT","date":"Thu, 12 Aug 2021 08:02:21 GMT","content-type":"application/json; charset=utf-8","vary":"X-Origin, Referer, Origin,Accept-Encoding","server":"scaffolding on HTTPServer2","x-xss-protection":"0","x-frame-options":"SAMEORIGIN","x-content-type-options":"nosniff","alt-svc":"h3=\":443\"; ma=2592000,h3-29=\":443\"; ma=2592000,h3-T051=\":443\"; ma=2592000,h3-Q050=\":443\"; ma=2592000,h3-Q046=\":443\"; ma=2592000,h3-Q043=\":443\"; ma=2592000,quic=\":443\"; ma=2592000; v=\"46,43\"","accept-ranges":"none","transfer-encoding":"chunked"}
[debug] [2021-08-12T08:02:21.455Z] >>> HTTP REQUEST POST https://cloudresourcemanager.googleapis.com/v1/projects/learnersacademyadmin:testIamPermissions  
 {"permissions":["cloudfunctions.functions.create","cloudfunctions.functions.delete","cloudfunctions.functions.get","cloudfunctions.functions.list","cloudfunctions.functions.update","cloudfunctions.operations.get","datastore.indexes.create","datastore.indexes.delete","datastore.indexes.list","datastore.indexes.update","firebase.projects.get","firebasehosting.sites.update"]}
[debug] [2021-08-12T08:02:22.272Z] <<< [apiv2][status] GET https://firebase-public.firebaseio.com/cli.json 200
[debug] [2021-08-12T08:02:22.273Z] <<< [apiv2][body] GET https://firebase-public.firebaseio.com/cli.json {"cloudBuildErrorAfter":1594252800000,"cloudBuildWarnAfter":1590019200000,"defaultNode10After":1594252800000,"minVersion":"3.0.5","node8DeploysDisabledAfter":1613390400000,"node8RuntimeDisabledAfter":1615809600000,"node8WarnAfter":1600128000000}
[debug] [2021-08-12T08:02:22.989Z] <<< HTTP RESPONSE 200 {"content-type":"application/json; charset=UTF-8","vary":"X-Origin, Referer, Origin,Accept-Encoding","date":"Thu, 12 Aug 2021 08:02:23 GMT","server":"ESF","cache-control":"private","x-xss-protection":"0","x-frame-options":"SAMEORIGIN","x-content-type-options":"nosniff","server-timing":"gfet4t7; dur=1324","alt-svc":"h3=\":443\"; ma=2592000,h3-29=\":443\"; ma=2592000,h3-T051=\":443\"; ma=2592000,h3-Q050=\":443\"; ma=2592000,h3-Q046=\":443\"; ma=2592000,h3-Q043=\":443\"; ma=2592000,quic=\":443\"; ma=2592000; v=\"46,43\"","accept-ranges":"none","transfer-encoding":"chunked"}
[debug] [2021-08-12T08:02:22.990Z] >>> HTTP REQUEST POST https://iam.googleapis.com/v1/projects/learnersacademyadmin/serviceAccounts/learnersacademyadmin@appspot.gserviceaccount.com:testIamPermissions  
 {"permissions":["iam.serviceAccounts.actAs"]}
[debug] [2021-08-12T08:02:24.589Z] <<< HTTP RESPONSE 200 {"content-type":"application/json; charset=UTF-8","vary":"X-Origin, Referer, Origin,Accept-Encoding","date":"Thu, 12 Aug 2021 08:02:24 GMT","server":"ESF","cache-control":"private","x-xss-protection":"0","x-frame-options":"SAMEORIGIN","x-content-type-options":"nosniff","alt-svc":"h3=\":443\"; ma=2592000,h3-29=\":443\"; ma=2592000,h3-T051=\":443\"; ma=2592000,h3-Q050=\":443\"; ma=2592000,h3-Q046=\":443\"; ma=2592000,h3-Q043=\":443\"; ma=2592000,quic=\":443\"; ma=2592000; v=\"46,43\"","accept-ranges":"none","transfer-encoding":"chunked"}
[debug] [2021-08-12T08:02:24.590Z] > refreshing access token with scopes: []
[debug] [2021-08-12T08:02:24.590Z] >>> HTTP REQUEST POST https://www.googleapis.com/oauth2/v3/token  
 <request body omitted>
[debug] [2021-08-12T08:02:24.793Z] <<< HTTP RESPONSE 200 {"pragma":"no-cache","expires":"Mon, 01 Jan 1990 00:00:00 GMT","date":"Thu, 12 Aug 2021 08:02:24 GMT","cache-control":"no-cache, no-store, max-age=0, must-revalidate","content-type":"application/json; charset=utf-8","vary":"X-Origin, Referer, Origin,Accept-Encoding","server":"scaffolding on HTTPServer2","x-xss-protection":"0","x-frame-options":"SAMEORIGIN","x-content-type-options":"nosniff","alt-svc":"h3=\":443\"; ma=2592000,h3-29=\":443\"; ma=2592000,h3-T051=\":443\"; ma=2592000,h3-Q050=\":443\"; ma=2592000,h3-Q046=\":443\"; ma=2592000,h3-Q043=\":443\"; ma=2592000,quic=\":443\"; ma=2592000; v=\"46,43\"","accept-ranges":"none","transfer-encoding":"chunked"}
[debug] [2021-08-12T08:02:24.801Z] >>> [apiv2][query] GET https://firebase.googleapis.com/v1beta1/projects/learnersacademyadmin [none]
[debug] [2021-08-12T08:02:25.192Z] <<< [apiv2][status] GET https://firebase.googleapis.com/v1beta1/projects/learnersacademyadmin 200
[debug] [2021-08-12T08:02:25.192Z] <<< [apiv2][body] GET https://firebase.googleapis.com/v1beta1/projects/learnersacademyadmin {"projectId":"learnersacademyadmin","projectNumber":"62418303464","displayName":"LearnersAcademyAdmin","name":"projects/learnersacademyadmin","resources":{"hostingSite":"learnersacademyadmin","storageBucket":"learnersacademyadmin.appspot.com","locationId":"asia-south1"},"state":"ACTIVE"}
[info] 
[info] === Deploying to 'learnersacademyadmin'...
[info] 
[info] i  deploying firestore, functions, hosting 
[info] i  firestore: reading indexes from firestore.indexes.json... 
[info] i  cloud.firestore: checking firestore.rules for compilation errors... 
[debug] [2021-08-12T08:02:25.197Z] > refreshing access token with scopes: ["email","https://www.googleapis.com/auth/cloud-platform","https://www.googleapis.com/auth/cloudplatformprojects.readonly","https://www.googleapis.com/auth/firebase","openid"]
[debug] [2021-08-12T08:02:25.197Z] >>> HTTP REQUEST POST https://www.googleapis.com/oauth2/v3/token  
 <request body omitted>
[debug] [2021-08-12T08:02:25.414Z] <<< HTTP RESPONSE 200 {"date":"Thu, 12 Aug 2021 08:02:25 GMT","expires":"Mon, 01 Jan 1990 00:00:00 GMT","cache-control":"no-cache, no-store, max-age=0, must-revalidate","pragma":"no-cache","content-type":"application/json; charset=utf-8","vary":"X-Origin, Referer, Origin,Accept-Encoding","server":"scaffolding on HTTPServer2","x-xss-protection":"0","x-frame-options":"SAMEORIGIN","x-content-type-options":"nosniff","alt-svc":"h3=\":443\"; ma=2592000,h3-29=\":443\"; ma=2592000,h3-T051=\":443\"; ma=2592000,h3-Q050=\":443\"; ma=2592000,h3-Q046=\":443\"; ma=2592000,h3-Q043=\":443\"; ma=2592000,quic=\":443\"; ma=2592000; v=\"46,43\"","accept-ranges":"none","transfer-encoding":"chunked"}
[debug] [2021-08-12T08:02:25.420Z] >>> HTTP REQUEST POST https://firebaserules.googleapis.com/v1/projects/learnersacademyadmin:test  
 {"source":{"files":[{"name":"firestore.rules","content":"rules_version = '2';\nservice cloud.firestore {\n  match /databases/{database}/documents {\n    match /{document=**} {\n      allow read, write: if true;\n    }\n  }\n}"}]}}
[debug] [2021-08-12T08:02:26.883Z] <<< HTTP RESPONSE 200 {"content-type":"application/json; charset=UTF-8","vary":"X-Origin, Referer, Origin,Accept-Encoding","date":"Thu, 12 Aug 2021 08:02:26 GMT","server":"ESF","cache-control":"private","x-xss-protection":"0","x-frame-options":"SAMEORIGIN","x-content-type-options":"nosniff","alt-svc":"h3=\":443\"; ma=2592000,h3-29=\":443\"; ma=2592000,h3-T051=\":443\"; ma=2592000,h3-Q050=\":443\"; ma=2592000,h3-Q046=\":443\"; ma=2592000,h3-Q043=\":443\"; ma=2592000,quic=\":443\"; ma=2592000; v=\"46,43\"","accept-ranges":"none","transfer-encoding":"chunked"}
[info] +  cloud.firestore: rules file firestore.rules compiled successfully 
[debug] [2021-08-12T08:02:26.886Z] Validating nodejs source
[warn] !  functions: package.json indicates an outdated version of firebase-functions.
Please upgrade using npm install --save firebase-functions@latest in your functions directory. 
[debug] [2021-08-12T08:02:28.700Z] > [functions] package.json contents: {
  "name": "functions",
  "description": "Cloud Functions for Firebase",
  "scripts": {
    "serve": "firebase emulators:start --only functions",
    "shell": "firebase functions:shell",
    "start": "npm run shell",
    "deploy": "firebase deploy --only functions",
    "logs": "firebase functions:log"
  },
  "engines": {
    "node": "14"
  },
  "main": "index.js",
  "dependencies": {
    "firebase-admin": "^9.8.0",
    "firebase-functions": "^3.14.1"
  },
  "devDependencies": {
    "firebase-functions-test": "^0.2.0"
  },
  "private": true
}
[debug] [2021-08-12T08:02:28.700Z] Building nodejs source
[info] i  functions: ensuring required API cloudfunctions.googleapis.com is enabled... 
[info] i  functions: ensuring required API cloudbuild.googleapis.com is enabled... 
[debug] [2021-08-12T08:02:28.701Z] >>> HTTP REQUEST GET https://serviceusage.googleapis.com/v1/projects/learnersacademyadmin/services/cloudfunctions.googleapis.com  
 
[debug] [2021-08-12T08:02:28.702Z] >>> HTTP REQUEST GET https://serviceusage.googleapis.com/v1/projects/learnersacademyadmin/services/runtimeconfig.googleapis.com  
 
[debug] [2021-08-12T08:02:28.702Z] >>> HTTP REQUEST GET https://serviceusage.googleapis.com/v1/projects/learnersacademyadmin/services/cloudbuild.googleapis.com  
 
[debug] [2021-08-12T08:02:30.552Z] <<< HTTP RESPONSE 200 {"content-type":"application/json; charset=UTF-8","vary":"X-Origin, Referer, Origin,Accept-Encoding","date":"Thu, 12 Aug 2021 08:02:30 GMT","server":"ESF","cache-control":"private","x-xss-protection":"0","x-frame-options":"SAMEORIGIN","x-content-type-options":"nosniff","alt-svc":"h3=\":443\"; ma=2592000,h3-29=\":443\"; ma=2592000,h3-T051=\":443\"; ma=2592000,h3-Q050=\":443\"; ma=2592000,h3-Q046=\":443\"; ma=2592000,h3-Q043=\":443\"; ma=2592000,quic=\":443\"; ma=2592000; v=\"46,43\"","accept-ranges":"none","transfer-encoding":"chunked"}
[debug] [2021-08-12T08:02:30.586Z] <<< HTTP RESPONSE 200 {"content-type":"application/json; charset=UTF-8","vary":"X-Origin, Referer, Origin,Accept-Encoding","date":"Thu, 12 Aug 2021 08:02:30 GMT","server":"ESF","cache-control":"private","x-xss-protection":"0","x-frame-options":"SAMEORIGIN","x-content-type-options":"nosniff","alt-svc":"h3=\":443\"; ma=2592000,h3-29=\":443\"; ma=2592000,h3-T051=\":443\"; ma=2592000,h3-Q050=\":443\"; ma=2592000,h3-Q046=\":443\"; ma=2592000,h3-Q043=\":443\"; ma=2592000,quic=\":443\"; ma=2592000; v=\"46,43\"","accept-ranges":"none","transfer-encoding":"chunked"}
[info] +  functions: required API cloudfunctions.googleapis.com is enabled 
[debug] [2021-08-12T08:02:30.611Z] <<< HTTP RESPONSE 200 {"content-type":"application/json; charset=UTF-8","vary":"X-Origin, Referer, Origin,Accept-Encoding","date":"Thu, 12 Aug 2021 08:02:30 GMT","server":"ESF","cache-control":"private","x-xss-protection":"0","x-frame-options":"SAMEORIGIN","x-content-type-options":"nosniff","alt-svc":"h3=\":443\"; ma=2592000,h3-29=\":443\"; ma=2592000,h3-T051=\":443\"; ma=2592000,h3-Q050=\":443\"; ma=2592000,h3-Q046=\":443\"; ma=2592000,h3-Q043=\":443\"; ma=2592000,quic=\":443\"; ma=2592000; v=\"46,43\"","accept-ranges":"none","transfer-encoding":"chunked"}
[info] +  functions: required API cloudbuild.googleapis.com is enabled 
[debug] [2021-08-12T08:02:30.612Z] >>> HTTP REQUEST GET https://firebase.googleapis.com/v1beta1/projects/learnersacademyadmin/adminSdkConfig  
 
[debug] [2021-08-12T08:02:31.240Z] <<< HTTP RESPONSE 200 {"content-type":"application/json; charset=UTF-8","vary":"X-Origin, Referer, Origin,Accept-Encoding","date":"Thu, 12 Aug 2021 08:02:31 GMT","server":"ESF","cache-control":"private","x-xss-protection":"0","x-frame-options":"SAMEORIGIN","x-content-type-options":"nosniff","alt-svc":"h3=\":443\"; ma=2592000,h3-29=\":443\"; ma=2592000,h3-T051=\":443\"; ma=2592000,h3-Q050=\":443\"; ma=2592000,h3-Q046=\":443\"; ma=2592000,h3-Q043=\":443\"; ma=2592000,quic=\":443\"; ma=2592000; v=\"46,43\"","accept-ranges":"none","transfer-encoding":"chunked"}
[debug] [2021-08-12T08:02:31.241Z] >>> HTTP REQUEST GET https://runtimeconfig.googleapis.com/v1beta1/projects/learnersacademyadmin/configs  
 
[debug] [2021-08-12T08:02:31.864Z] <<< HTTP RESPONSE 200 {"content-type":"application/json; charset=UTF-8","vary":"X-Origin, Referer, Origin,Accept-Encoding","date":"Thu, 12 Aug 2021 08:02:31 GMT","server":"ESF","cache-control":"private","x-xss-protection":"0","x-frame-options":"SAMEORIGIN","x-content-type-options":"nosniff","alt-svc":"h3=\":443\"; ma=2592000,h3-29=\":443\"; ma=2592000,h3-T051=\":443\"; ma=2592000,h3-Q050=\":443\"; ma=2592000,h3-Q046=\":443\"; ma=2592000,h3-Q043=\":443\"; ma=2592000,quic=\":443\"; ma=2592000; v=\"46,43\"","accept-ranges":"none","transfer-encoding":"chunked"}
[debug] [2021-08-12T08:02:31.864Z] Analyzing nodejs backend spec
[debug] [2021-08-12T08:02:31.961Z] >>> HTTP REQUEST POST https://firebasehosting.googleapis.com/v1beta1/sites/learnersacademyadmin/versions  
 {"config":{"rewrites":[{"glob":"**","path":"/index.html"}]},"labels":{"deployment-tool":"cli-firebase"}}
[debug] [2021-08-12T08:02:34.308Z] <<< HTTP RESPONSE 200 {"content-type":"application/json; charset=UTF-8","vary":"X-Origin, Referer, Origin,Accept-Encoding","date":"Thu, 12 Aug 2021 08:02:34 GMT","server":"ESF","cache-control":"private","x-xss-protection":"0","x-frame-options":"SAMEORIGIN","x-content-type-options":"nosniff","alt-svc":"h3=\":443\"; ma=2592000,h3-29=\":443\"; ma=2592000,h3-T051=\":443\"; ma=2592000,h3-Q050=\":443\"; ma=2592000,h3-Q046=\":443\"; ma=2592000,h3-Q043=\":443\"; ma=2592000,quic=\":443\"; ma=2592000; v=\"46,43\"","accept-ranges":"none","transfer-encoding":"chunked"}
[debug] [2021-08-12T08:02:34.310Z] >>> HTTP REQUEST GET https://firebaserules.googleapis.com/v1/projects/learnersacademyadmin/releases?pageSize=10&pageToken=  
 
[debug] [2021-08-12T08:02:34.310Z] >>> HTTP REQUEST GET https://firestore.googleapis.com/v1/projects/learnersacademyadmin/databases/(default)/collectionGroups/-/indexes  
 
[debug] [2021-08-12T08:02:34.534Z] <<< HTTP RESPONSE 200 {"content-type":"application/json; charset=UTF-8","vary":"X-Origin, Referer, Origin,Accept-Encoding","date":"Thu, 12 Aug 2021 08:02:34 GMT","server":"ESF","cache-control":"private","x-xss-protection":"0","x-frame-options":"SAMEORIGIN","x-content-type-options":"nosniff","alt-svc":"h3=\":443\"; ma=2592000,h3-29=\":443\"; ma=2592000,h3-T051=\":443\"; ma=2592000,h3-Q050=\":443\"; ma=2592000,h3-Q046=\":443\"; ma=2592000,h3-Q043=\":443\"; ma=2592000,quic=\":443\"; ma=2592000; v=\"46,43\"","accept-ranges":"none","transfer-encoding":"chunked"}
[debug] [2021-08-12T08:02:34.535Z] >>> HTTP REQUEST GET https://firestore.googleapis.com/v1/projects/learnersacademyadmin/databases/(default)/collectionGroups/-/fields?filter=indexConfig.usesAncestorConfig=false  
 
[debug] [2021-08-12T08:02:34.726Z] <<< HTTP RESPONSE 200 {"content-type":"application/json; charset=UTF-8","vary":"X-Origin, Referer, Origin,Accept-Encoding","date":"Thu, 12 Aug 2021 08:02:34 GMT","server":"ESF","cache-control":"private","x-xss-protection":"0","x-frame-options":"SAMEORIGIN","x-content-type-options":"nosniff","alt-svc":"h3=\":443\"; ma=2592000,h3-29=\":443\"; ma=2592000,h3-T051=\":443\"; ma=2592000,h3-Q050=\":443\"; ma=2592000,h3-Q046=\":443\"; ma=2592000,h3-Q043=\":443\"; ma=2592000,quic=\":443\"; ma=2592000; v=\"46,43\"","accept-ranges":"none","transfer-encoding":"chunked"}
[info] +  firestore: deployed indexes in firestore.indexes.json successfully 
[debug] [2021-08-12T08:02:35.685Z] <<< HTTP RESPONSE 200 {"content-type":"application/json; charset=UTF-8","vary":"X-Origin, Referer, Origin,Accept-Encoding","date":"Thu, 12 Aug 2021 08:02:35 GMT","server":"ESF","cache-control":"private","x-xss-protection":"0","x-frame-options":"SAMEORIGIN","x-content-type-options":"nosniff","alt-svc":"h3=\":443\"; ma=2592000,h3-29=\":443\"; ma=2592000,h3-T051=\":443\"; ma=2592000,h3-Q050=\":443\"; ma=2592000,h3-Q046=\":443\"; ma=2592000,h3-Q043=\":443\"; ma=2592000,quic=\":443\"; ma=2592000; v=\"46,43\"","accept-ranges":"none","transfer-encoding":"chunked"}
[debug] [2021-08-12T08:02:35.685Z] >>> HTTP REQUEST GET https://firebaserules.googleapis.com/v1/projects/learnersacademyadmin/rulesets/7618e593-db4d-4108-8325-358f5ed25f34  
 
[debug] [2021-08-12T08:02:37.069Z] <<< HTTP RESPONSE 200 {"content-type":"application/json; charset=UTF-8","vary":"X-Origin, Referer, Origin,Accept-Encoding","date":"Thu, 12 Aug 2021 08:02:37 GMT","server":"ESF","cache-control":"private","x-xss-protection":"0","x-frame-options":"SAMEORIGIN","x-content-type-options":"nosniff","alt-svc":"h3=\":443\"; ma=2592000,h3-29=\":443\"; ma=2592000,h3-T051=\":443\"; ma=2592000,h3-Q050=\":443\"; ma=2592000,h3-Q046=\":443\"; ma=2592000,h3-Q043=\":443\"; ma=2592000,quic=\":443\"; ma=2592000; v=\"46,43\"","accept-ranges":"none","transfer-encoding":"chunked"}
[info] i  firestore: uploading rules firestore.rules... 
[debug] [2021-08-12T08:02:37.070Z] >>> HTTP REQUEST POST https://firebaserules.googleapis.com/v1/projects/learnersacademyadmin/rulesets  
 {"source":{"files":[{"name":"firestore.rules","content":"rules_version = '2';\nservice cloud.firestore {\n  match /databases/{database}/documents {\n    match /{document=**} {\n      allow read, write: if true;\n    }\n  }\n}"}]}}
[debug] [2021-08-12T08:02:38.442Z] <<< HTTP RESPONSE 200 {"content-type":"application/json; charset=UTF-8","vary":"X-Origin, Referer, Origin,Accept-Encoding","date":"Thu, 12 Aug 2021 08:02:38 GMT","server":"ESF","cache-control":"private","x-xss-protection":"0","x-frame-options":"SAMEORIGIN","x-content-type-options":"nosniff","alt-svc":"h3=\":443\"; ma=2592000,h3-29=\":443\"; ma=2592000,h3-T051=\":443\"; ma=2592000,h3-Q050=\":443\"; ma=2592000,h3-Q046=\":443\"; ma=2592000,h3-Q043=\":443\"; ma=2592000,quic=\":443\"; ma=2592000; v=\"46,43\"","accept-ranges":"none","transfer-encoding":"chunked"}
[debug] [2021-08-12T08:02:38.443Z] [rules] created ruleset projects/learnersacademyadmin/rulesets/1ba92579-cb90-4116-8560-9362dd6ec32d
[debug] [2021-08-12T08:02:38.443Z] >>> HTTP REQUEST GET https://cloudfunctions.googleapis.com/v1/projects/learnersacademyadmin/locations/-/functions  
 
[debug] [2021-08-12T08:02:39.230Z] <<< HTTP RESPONSE 200 {"content-type":"application/json; charset=UTF-8","vary":"X-Origin, Referer, Origin,Accept-Encoding","date":"Thu, 12 Aug 2021 08:02:39 GMT","server":"ESF","cache-control":"private","x-xss-protection":"0","x-frame-options":"SAMEORIGIN","x-content-type-options":"nosniff","alt-svc":"h3=\":443\"; ma=2592000,h3-29=\":443\"; ma=2592000,h3-T051=\":443\"; ma=2592000,h3-Q050=\":443\"; ma=2592000,h3-Q046=\":443\"; ma=2592000,h3-Q043=\":443\"; ma=2592000,quic=\":443\"; ma=2592000; v=\"46,43\"","accept-ranges":"none","transfer-encoding":"chunked"}
[info] i  hosting[learnersacademyadmin]: beginning deploy... 
[info] i  hosting[learnersacademyadmin]: found 6 files in public 
[debug] [2021-08-12T08:02:39.238Z] [hosting] hash cache [cHVibGlj] not populated
[debug] [2021-08-12T08:02:39.593Z] > refreshing access token with scopes: []
[debug] [2021-08-12T08:02:39.594Z] >>> HTTP REQUEST POST https://www.googleapis.com/oauth2/v3/token  
 <request body omitted>
[debug] [2021-08-12T08:02:39.595Z] [hosting] hash cache [cHVibGlj] stored for 6 files
[debug] [2021-08-12T08:02:39.595Z] [hosting][hash queue][FINAL] {"max":352,"min":4,"avg":104.83333333333333,"active":0,"complete":6,"success":6,"errored":0,"retried":0,"total":6,"elapsed":356}
[debug] [2021-08-12T08:02:39.921Z] <<< HTTP RESPONSE 200 {"cache-control":"no-cache, no-store, max-age=0, must-revalidate","pragma":"no-cache","date":"Thu, 12 Aug 2021 08:02:40 GMT","expires":"Mon, 01 Jan 1990 00:00:00 GMT","content-type":"application/json; charset=utf-8","vary":"X-Origin, Referer, Origin,Accept-Encoding","server":"scaffolding on HTTPServer2","x-xss-protection":"0","x-frame-options":"SAMEORIGIN","x-content-type-options":"nosniff","alt-svc":"h3=\":443\"; ma=2592000,h3-29=\":443\"; ma=2592000,h3-T051=\":443\"; ma=2592000,h3-Q050=\":443\"; ma=2592000,h3-Q046=\":443\"; ma=2592000,h3-Q043=\":443\"; ma=2592000,quic=\":443\"; ma=2592000; v=\"46,43\"","accept-ranges":"none","transfer-encoding":"chunked"}
[debug] [2021-08-12T08:02:39.928Z] >>> [apiv2][query] POST https://firebasehosting.googleapis.com/v1beta1/sites/learnersacademyadmin/versions/e762b414565cee37:populateFiles [none]
[debug] [2021-08-12T08:02:39.928Z] >>> [apiv2][body] POST https://firebasehosting.googleapis.com/v1beta1/sites/learnersacademyadmin/versions/e762b414565cee37:populateFiles {"files":{"/favicon.png":"4e81307d839c59f6b2d3548ad4ec33c016a699849aa39c4c2e10501d583d84f2","/global.css":"843ce1b2c6f3d63a0d436af943a7cf1d9952c55fcb49a948d923846e86235006","/index.html":"1c45d0f803fcc8766adb89184bc6616522d3fe3afb6451d0b6ae8a6790d7a3b1","/build/bundle.js":"8cf55c5923b77abffd9786301ccbd1ceb7d6dd5c6e5d2ecf70ab27d12c259909","/build/bundle.css":"73457815ba250bc4ae7adcba9db509c5e14213dcc63bbe076412b6fdf5661f2d","/build/bundle.js.map":"babde8ae2739eeac41a5cf67f89a331368fcd4743674147b8f9c1a7d3becc0fb"}}
[debug] [2021-08-12T08:02:41.747Z] <<< [apiv2][status] POST https://firebasehosting.googleapis.com/v1beta1/sites/learnersacademyadmin/versions/e762b414565cee37:populateFiles 200
[debug] [2021-08-12T08:02:41.748Z] <<< [apiv2][body] POST https://firebasehosting.googleapis.com/v1beta1/sites/learnersacademyadmin/versions/e762b414565cee37:populateFiles {"uploadRequiredHashes":["4e81307d839c59f6b2d3548ad4ec33c016a699849aa39c4c2e10501d583d84f2","843ce1b2c6f3d63a0d436af943a7cf1d9952c55fcb49a948d923846e86235006","1c45d0f803fcc8766adb89184bc6616522d3fe3afb6451d0b6ae8a6790d7a3b1","8cf55c5923b77abffd9786301ccbd1ceb7d6dd5c6e5d2ecf70ab27d12c259909","73457815ba250bc4ae7adcba9db509c5e14213dcc63bbe076412b6fdf5661f2d","babde8ae2739eeac41a5cf67f89a331368fcd4743674147b8f9c1a7d3becc0fb"],"uploadUrl":"https://upload-firebasehosting.googleapis.com/upload/sites/learnersacademyadmin/versions/e762b414565cee37/files"}
[debug] [2021-08-12T08:02:41.749Z] >>> [apiv2][query] POST https://upload-firebasehosting.googleapis.com/upload/sites/learnersacademyadmin/versions/e762b414565cee37/files/4e81307d839c59f6b2d3548ad4ec33c016a699849aa39c4c2e10501d583d84f2 [none]
[debug] [2021-08-12T08:02:41.749Z] >>> [apiv2][body] POST https://upload-firebasehosting.googleapis.com/upload/sites/learnersacademyadmin/versions/e762b414565cee37/files/4e81307d839c59f6b2d3548ad4ec33c016a699849aa39c4c2e10501d583d84f2 [stream]
[debug] [2021-08-12T08:02:41.750Z] >>> [apiv2][query] POST https://upload-firebasehosting.googleapis.com/upload/sites/learnersacademyadmin/versions/e762b414565cee37/files/843ce1b2c6f3d63a0d436af943a7cf1d9952c55fcb49a948d923846e86235006 [none]
[debug] [2021-08-12T08:02:41.750Z] >>> [apiv2][body] POST https://upload-firebasehosting.googleapis.com/upload/sites/learnersacademyadmin/versions/e762b414565cee37/files/843ce1b2c6f3d63a0d436af943a7cf1d9952c55fcb49a948d923846e86235006 [stream]
[debug] [2021-08-12T08:02:41.751Z] >>> [apiv2][query] POST https://upload-firebasehosting.googleapis.com/upload/sites/learnersacademyadmin/versions/e762b414565cee37/files/1c45d0f803fcc8766adb89184bc6616522d3fe3afb6451d0b6ae8a6790d7a3b1 [none]
[debug] [2021-08-12T08:02:41.751Z] >>> [apiv2][body] POST https://upload-firebasehosting.googleapis.com/upload/sites/learnersacademyadmin/versions/e762b414565cee37/files/1c45d0f803fcc8766adb89184bc6616522d3fe3afb6451d0b6ae8a6790d7a3b1 [stream]
[debug] [2021-08-12T08:02:41.751Z] >>> [apiv2][query] POST https://upload-firebasehosting.googleapis.com/upload/sites/learnersacademyadmin/versions/e762b414565cee37/files/8cf55c5923b77abffd9786301ccbd1ceb7d6dd5c6e5d2ecf70ab27d12c259909 [none]
[debug] [2021-08-12T08:02:41.751Z] >>> [apiv2][body] POST https://upload-firebasehosting.googleapis.com/upload/sites/learnersacademyadmin/versions/e762b414565cee37/files/8cf55c5923b77abffd9786301ccbd1ceb7d6dd5c6e5d2ecf70ab27d12c259909 [stream]
[debug] [2021-08-12T08:02:41.752Z] >>> [apiv2][query] POST https://upload-firebasehosting.googleapis.com/upload/sites/learnersacademyadmin/versions/e762b414565cee37/files/73457815ba250bc4ae7adcba9db509c5e14213dcc63bbe076412b6fdf5661f2d [none]
[debug] [2021-08-12T08:02:41.752Z] >>> [apiv2][body] POST https://upload-firebasehosting.googleapis.com/upload/sites/learnersacademyadmin/versions/e762b414565cee37/files/73457815ba250bc4ae7adcba9db509c5e14213dcc63bbe076412b6fdf5661f2d [stream]
[debug] [2021-08-12T08:02:41.752Z] >>> [apiv2][query] POST https://upload-firebasehosting.googleapis.com/upload/sites/learnersacademyadmin/versions/e762b414565cee37/files/babde8ae2739eeac41a5cf67f89a331368fcd4743674147b8f9c1a7d3becc0fb [none]
[debug] [2021-08-12T08:02:41.752Z] >>> [apiv2][body] POST https://upload-firebasehosting.googleapis.com/upload/sites/learnersacademyadmin/versions/e762b414565cee37/files/babde8ae2739eeac41a5cf67f89a331368fcd4743674147b8f9c1a7d3becc0fb [stream]
[debug] [2021-08-12T08:02:41.753Z] [hosting][populate queue][FINAL] {"max":2156,"min":2156,"avg":2156,"active":0,"complete":1,"success":1,"errored":0,"retried":0,"total":1,"elapsed":2160}
[debug] [2021-08-12T08:02:41.753Z] [hosting] uploads queued: 6
[debug] [2021-08-12T08:02:44.744Z] <<< [apiv2][status] POST https://upload-firebasehosting.googleapis.com/upload/sites/learnersacademyadmin/versions/e762b414565cee37/files/1c45d0f803fcc8766adb89184bc6616522d3fe3afb6451d0b6ae8a6790d7a3b1 200
[debug] [2021-08-12T08:02:44.745Z] <<< [apiv2][body] POST https://upload-firebasehosting.googleapis.com/upload/sites/learnersacademyadmin/versions/e762b414565cee37/files/1c45d0f803fcc8766adb89184bc6616522d3fe3afb6451d0b6ae8a6790d7a3b1 [stream]
[debug] [2021-08-12T08:02:44.775Z] <<< [apiv2][status] POST https://upload-firebasehosting.googleapis.com/upload/sites/learnersacademyadmin/versions/e762b414565cee37/files/4e81307d839c59f6b2d3548ad4ec33c016a699849aa39c4c2e10501d583d84f2 200
[debug] [2021-08-12T08:02:44.775Z] <<< [apiv2][body] POST https://upload-firebasehosting.googleapis.com/upload/sites/learnersacademyadmin/versions/e762b414565cee37/files/4e81307d839c59f6b2d3548ad4ec33c016a699849aa39c4c2e10501d583d84f2 [stream]
[debug] [2021-08-12T08:02:44.807Z] <<< [apiv2][status] POST https://upload-firebasehosting.googleapis.com/upload/sites/learnersacademyadmin/versions/e762b414565cee37/files/843ce1b2c6f3d63a0d436af943a7cf1d9952c55fcb49a948d923846e86235006 200
[debug] [2021-08-12T08:02:44.808Z] <<< [apiv2][body] POST https://upload-firebasehosting.googleapis.com/upload/sites/learnersacademyadmin/versions/e762b414565cee37/files/843ce1b2c6f3d63a0d436af943a7cf1d9952c55fcb49a948d923846e86235006 [stream]
[debug] [2021-08-12T08:02:45.042Z] <<< [apiv2][status] POST https://upload-firebasehosting.googleapis.com/upload/sites/learnersacademyadmin/versions/e762b414565cee37/files/73457815ba250bc4ae7adcba9db509c5e14213dcc63bbe076412b6fdf5661f2d 200
[debug] [2021-08-12T08:02:45.042Z] <<< [apiv2][body] POST https://upload-firebasehosting.googleapis.com/upload/sites/learnersacademyadmin/versions/e762b414565cee37/files/73457815ba250bc4ae7adcba9db509c5e14213dcc63bbe076412b6fdf5661f2d [stream]
[debug] [2021-08-12T08:02:45.059Z] <<< [apiv2][status] POST https://upload-firebasehosting.googleapis.com/upload/sites/learnersacademyadmin/versions/e762b414565cee37/files/babde8ae2739eeac41a5cf67f89a331368fcd4743674147b8f9c1a7d3becc0fb 200
[debug] [2021-08-12T08:02:45.059Z] <<< [apiv2][body] POST https://upload-firebasehosting.googleapis.com/upload/sites/learnersacademyadmin/versions/e762b414565cee37/files/babde8ae2739eeac41a5cf67f89a331368fcd4743674147b8f9c1a7d3becc0fb [stream]
[debug] [2021-08-12T08:02:45.069Z] <<< [apiv2][status] POST https://upload-firebasehosting.googleapis.com/upload/sites/learnersacademyadmin/versions/e762b414565cee37/files/8cf55c5923b77abffd9786301ccbd1ceb7d6dd5c6e5d2ecf70ab27d12c259909 200
[debug] [2021-08-12T08:02:45.070Z] <<< [apiv2][body] POST https://upload-firebasehosting.googleapis.com/upload/sites/learnersacademyadmin/versions/e762b414565cee37/files/8cf55c5923b77abffd9786301ccbd1ceb7d6dd5c6e5d2ecf70ab27d12c259909 [stream]
[debug] [2021-08-12T08:02:45.070Z] [hosting][upload queue][FINAL] {"max":3321,"min":2997,"avg":3168,"active":0,"complete":6,"success":6,"errored":0,"retried":0,"total":6,"elapsed":3322}
[info] +  hosting[learnersacademyadmin]: file upload complete 
[debug] [2021-08-12T08:02:45.070Z] [hosting] deploy completed after 5839ms
[debug] [2021-08-12T08:02:45.073Z] [rules] releasing cloud.firestore with ruleset projects/learnersacademyadmin/rulesets/1ba92579-cb90-4116-8560-9362dd6ec32d
[debug] [2021-08-12T08:02:45.073Z] > refreshing access token with scopes: ["email","https://www.googleapis.com/auth/cloud-platform","https://www.googleapis.com/auth/cloudplatformprojects.readonly","https://www.googleapis.com/auth/firebase","openid"]
[debug] [2021-08-12T08:02:45.073Z] >>> HTTP REQUEST POST https://www.googleapis.com/oauth2/v3/token  
 <request body omitted>
[debug] [2021-08-12T08:02:45.305Z] <<< HTTP RESPONSE 200 {"date":"Thu, 12 Aug 2021 08:02:45 GMT","expires":"Mon, 01 Jan 1990 00:00:00 GMT","pragma":"no-cache","cache-control":"no-cache, no-store, max-age=0, must-revalidate","content-type":"application/json; charset=utf-8","vary":"X-Origin, Referer, Origin,Accept-Encoding","server":"scaffolding on HTTPServer2","x-xss-protection":"0","x-frame-options":"SAMEORIGIN","x-content-type-options":"nosniff","alt-svc":"h3=\":443\"; ma=2592000,h3-29=\":443\"; ma=2592000,h3-T051=\":443\"; ma=2592000,h3-Q050=\":443\"; ma=2592000,h3-Q046=\":443\"; ma=2592000,h3-Q043=\":443\"; ma=2592000,quic=\":443\"; ma=2592000; v=\"46,43\"","accept-ranges":"none","transfer-encoding":"chunked"}
[debug] [2021-08-12T08:02:45.312Z] >>> HTTP REQUEST PATCH https://firebaserules.googleapis.com/v1/projects/learnersacademyadmin/releases/cloud.firestore  
 {"release":{"name":"projects/learnersacademyadmin/releases/cloud.firestore","rulesetName":"projects/learnersacademyadmin/rulesets/1ba92579-cb90-4116-8560-9362dd6ec32d"}}
[debug] [2021-08-12T08:02:46.762Z] <<< HTTP RESPONSE 200 {"content-type":"application/json; charset=UTF-8","vary":"X-Origin, Referer, Origin,Accept-Encoding","date":"Thu, 12 Aug 2021 08:02:46 GMT","server":"ESF","cache-control":"private","x-xss-protection":"0","x-frame-options":"SAMEORIGIN","x-content-type-options":"nosniff","alt-svc":"h3=\":443\"; ma=2592000,h3-29=\":443\"; ma=2592000,h3-T051=\":443\"; ma=2592000,h3-Q050=\":443\"; ma=2592000,h3-Q046=\":443\"; ma=2592000,h3-Q043=\":443\"; ma=2592000,quic=\":443\"; ma=2592000; v=\"46,43\"","accept-ranges":"none","transfer-encoding":"chunked"}
[debug] [2021-08-12T08:02:46.762Z] [rules] updated release projects/learnersacademyadmin/releases/cloud.firestore
[info] +  firestore: released rules firestore.rules to cloud.firestore 
[debug] [2021-08-12T08:02:46.956Z] TypeError: Cannot read property 'length' of undefined
    at Object.functionMatchesAnyGroup (C:\Users\kash\AppData\Roaming\npm\node_modules\firebase-tools\lib\deploy\functions\functionsDeployHelper.js:11:23)
    at C:\Users\kash\AppData\Roaming\npm\node_modules\firebase-tools\lib\deploy\functions\deploymentPlanner.js:25:56
    at Array.filter (<anonymous>)
    at calculateRegionalFunctionChanges (C:\Users\kash\AppData\Roaming\npm\node_modules\firebase-tools\lib\deploy\functions\deploymentPlanner.js:25:17)
    at Object.createDeploymentPlan (C:\Users\kash\AppData\Roaming\npm\node_modules\firebase-tools\lib\deploy\functions\deploymentPlanner.js:53:50)
    at release (C:\Users\kash\AppData\Roaming\npm\node_modules\firebase-tools\lib\deploy\functions\release.js:24:48)
    at processTicksAndRejections (internal/process/task_queues.js:95:5)
[error] 
[error] Error: An unexpected error has occurred.
